[INFO] Scanning for projects...
[INFO] 
[INFO] ------------------< com.example:registration-backend >------------------
[INFO] Building registration-backend 0.0.1-SNAPSHOT
[INFO]   from pom.xml
[INFO] --------------------------------[ jar ]---------------------------------
[INFO] 
[INFO] >>> spring-boot:3.2.1:run (default-cli) > test-compile @ registration-backend >>>
[INFO] 
[INFO] --- resources:3.3.1:resources (default-resources) @ registration-backend ---
[INFO] Copying 1 resource from src\main\resources to target\classes
[INFO] Copying 0 resource from src\main\resources to target\classes
[INFO] 
[INFO] --- compiler:3.11.0:compile (default-compile) @ registration-backend ---
[INFO] Nothing to compile - all classes are up to date
[INFO] 
[INFO] --- resources:3.3.1:testResources (default-testResources) @ registration-backend ---
[INFO] skip non existing resourceDirectory C:\Users\DELL\mon-projet-angular\registration-backend\src\test\resources
[INFO] 
[INFO] --- compiler:3.11.0:testCompile (default-testCompile) @ registration-backend ---
[INFO] No sources to compile
[INFO] 
[INFO] <<< spring-boot:3.2.1:run (default-cli) < test-compile @ registration-backend <<<
[INFO] 
[INFO] 
[INFO] --- spring-boot:3.2.1:run (default-cli) @ registration-backend ---
[INFO] Attaching agents: []

  .   ____          _            __ _ _
 /\\ / ___'_ __ _ _(_)_ __  __ _ \ \ \ \
( ( )\___ | '_ | '_| | '_ \/ _` | \ \ \ \
 \\/  ___)| |_)| | | | | || (_| |  ) ) ) )
  '  |____| .__|_| |_|_| |_\__, | / / / /
 =========|_|==============|___/=/_/_/_/
 :: Spring Boot ::                (v3.2.1)

2026-01-31T08:44:22.720+01:00  INFO 12632 --- [           main] c.e.r.RegistrationApplication            : Starting RegistrationApplication using Java 17.0.12 with PID 12632 (C:\Users\DELL\mon-projet-angular\registration-backend\target\classes started by DELL in C:\Users\DELL\mon-projet-angular\registration-backend)
2026-01-31T08:44:22.723+01:00  INFO 12632 --- [           main] c.e.r.RegistrationApplication            : No active profile set, falling back to 1 default profile: "default"
2026-01-31T08:44:23.198+01:00  INFO 12632 --- [           main] .s.d.r.c.RepositoryConfigurationDelegate : Bootstrapping Spring Data JPA repositories in DEFAULT mode.
2026-01-31T08:44:23.240+01:00  INFO 12632 --- [           main] .s.d.r.c.RepositoryConfigurationDelegate : Finished Spring Data repository scanning in 36 ms. Found 1 JPA repository interface.
2026-01-31T08:44:23.683+01:00  INFO 12632 --- [           main] o.s.b.w.embedded.tomcat.TomcatWebServer  : Tomcat initialized with port 8081 (http)
2026-01-31T08:44:23.694+01:00  INFO 12632 --- [           main] o.apache.catalina.core.StandardService   : Starting service [Tomcat]
2026-01-31T08:44:23.694+01:00  INFO 12632 --- [           main] o.apache.catalina.core.StandardEngine    : Starting Servlet engine: [Apache Tomcat/10.1.17]
2026-01-31T08:44:23.741+01:00  INFO 12632 --- [           main] o.a.c.c.C.[Tomcat].[localhost].[/]       : Initializing Spring embedded WebApplicationContext
2026-01-31T08:44:23.742+01:00  INFO 12632 --- [           main] w.s.c.ServletWebServerApplicationContext : Root WebApplicationContext: initialization completed in 985 ms
2026-01-31T08:44:23.838+01:00  INFO 12632 --- [           main] o.hibernate.jpa.internal.util.LogHelper  : HHH000204: Processing PersistenceUnitInfo [name: default]
2026-01-31T08:44:23.872+01:00  INFO 12632 --- [           main] org.hibernate.Version                    : HHH000412: Hibernate ORM core version 6.4.1.Final
2026-01-31T08:44:23.892+01:00  INFO 12632 --- [           main] o.h.c.internal.RegionFactoryInitiator    : HHH000026: Second-level cache disabled
2026-01-31T08:44:24.035+01:00  INFO 12632 --- [           main] o.s.o.j.p.SpringPersistenceUnitInfo      : No LoadTimeWeaver setup: ignoring JPA class transformer
2026-01-31T08:44:24.052+01:00  INFO 12632 --- [           main] com.zaxxer.hikari.HikariDataSource       : HikariPool-1 - Starting...
2026-01-31T08:44:24.192+01:00  INFO 12632 --- [           main] com.zaxxer.hikari.pool.HikariPool        : HikariPool-1 - Added connection org.postgresql.jdbc.PgConnection@504497fa
2026-01-31T08:44:24.193+01:00  INFO 12632 --- [           main] com.zaxxer.hikari.HikariDataSource       : HikariPool-1 - Start completed.
2026-01-31T08:44:24.218+01:00  WARN 12632 --- [           main] org.hibernate.orm.deprecation            : HHH90000025: PostgreSQLDialect does not need to be specified explicitly using 'hibernate.dialect' (remove the property setting and it will be selected by default)
2026-01-31T08:44:24.886+01:00  INFO 12632 --- [           main] o.h.e.t.j.p.i.JtaPlatformInitiator       : HHH000489: No JTA platform available (set 'hibernate.transaction.jta.platform' to enable JTA platform integration)
2026-01-31T08:44:24.922+01:00  INFO 12632 --- [           main] j.LocalContainerEntityManagerFactoryBean : Initialized JPA EntityManagerFactory for persistence unit 'default'
2026-01-31T08:44:25.174+01:00  WARN 12632 --- [           main] JpaBaseConfiguration$JpaWebConfiguration : spring.jpa.open-in-view is enabled by default. Therefore, database queries may be performed during view rendering. Explicitly configure spring.jpa.open-in-view to disable this warning
2026-01-31T08:44:25.187+01:00  WARN 12632 --- [           main] .s.s.UserDetailsServiceAutoConfiguration : 

Using generated security password: 68cc063d-f19d-4c1f-b705-86d167159a2c

This generated password is for development use only. Your security configuration must be updated before running your application in production.

2026-01-31T08:44:25.371+01:00  INFO 12632 --- [           main] o.s.s.web.DefaultSecurityFilterChain     : Will secure any request with [org.springframework.security.web.session.DisableEncodeUrlFilter@4a7ac98b, org.springframework.security.web.context.request.async.WebAsyncManagerIntegrationFilter@35e3f3b8, org.springframework.security.web.context.SecurityContextHolderFilter@477906cf, org.springframework.security.web.header.HeaderWriterFilter@5a88849, org.springframework.web.filter.CorsFilter@13bf5fd, org.springframework.security.web.authentication.logout.LogoutFilter@3f2a7ca0, org.springframework.security.web.savedrequest.RequestCacheAwareFilter@4004bfba, org.springframework.security.web.servletapi.SecurityContextHolderAwareRequestFilter@c19bb2a, org.springframework.security.web.authentication.AnonymousAuthenticationFilter@2eafb4e7, org.springframework.security.web.access.ExceptionTranslationFilter@5c04ec8, org.springframework.security.web.access.intercept.AuthorizationFilter@78f1d29]
2026-01-31T08:44:25.552+01:00  INFO 12632 --- [           main] o.s.b.w.embedded.tomcat.TomcatWebServer  : Tomcat started on port 8081 (http) with context path ''
2026-01-31T08:44:25.562+01:00  INFO 12632 --- [           main] c.e.r.RegistrationApplication            : Started RegistrationApplication in 3.111 seconds (process running for 3.343)
2026-01-31T08:46:00.075+01:00  INFO 12632 --- [nio-8081-exec-1] o.a.c.c.C.[Tomcat].[localhost].[/]       : Initializing Spring DispatcherServlet 'dispatcherServlet'
2026-01-31T08:46:00.080+01:00  INFO 12632 --- [nio-8081-exec-1] o.s.web.servlet.DispatcherServlet        : Initializing Servlet 'dispatcherServlet'
2026-01-31T08:46:00.080+01:00  INFO 12632 --- [nio-8081-exec-1] o.s.web.servlet.DispatcherServlet        : Completed initialization in 0 ms
Hibernate: select u1_0.id,u1_0.created_at,u1_0.email,u1_0.first_name,u1_0.last_name,u1_0.password from users u1_0 where u1_0.email=?
Hibernate: insert into users (created_at,email,first_name,last_name,password) values (?,?,?,?,?)
Hibernate: select u1_0.id,u1_0.created_at,u1_0.email,u1_0.first_name,u1_0.last_name,u1_0.password from users u1_0 where u1_0.email=?
2026-01-31T09:25:12.656+01:00  WARN 12632 --- [l-1 housekeeper] com.zaxxer.hikari.pool.HikariPool        : HikariPool-1 - Thread starvation or clock leap detected (housekeeper delta=27m48s128ms745탎800ns).
2026-01-31T09:46:12.961+01:00  WARN 12632 --- [l-1 housekeeper] com.zaxxer.hikari.pool.HikariPool        : HikariPool-1 - Thread starvation or clock leap detected (housekeeper delta=16m30s229ms40탎400ns).
2026-01-31T10:19:42.868+01:00  WARN 12632 --- [l-1 housekeeper] com.zaxxer.hikari.pool.HikariPool        : HikariPool-1 - Thread starvation or clock leap detected (housekeeper delta=28m29s838ms96탎100ns).
2026-01-31T10:36:18.961+01:00  WARN 12632 --- [l-1 housekeeper] com.zaxxer.hikari.pool.HikariPool        : HikariPool-1 - Thread starvation or clock leap detected (housekeeper delta=11m36s15ms915탎200ns).
