[INFO] Scanning for projects...
[INFO] 
[INFO] ------------------< com.example:registration-backend >------------------
[INFO] Building registration-backend 0.0.1-SNAPSHOT
[INFO]   from pom.xml
[INFO] --------------------------------[ jar ]---------------------------------
[INFO] 
[INFO] >>> spring-boot:3.2.1:run (default-cli) > test-compile @ registration-backend >>>
[INFO] 
[INFO] --- resources:3.3.1:resources (default-resources) @ registration-backend ---
[INFO] Copying 1 resource from src\main\resources to target\classes
[INFO] Copying 0 resource from src\main\resources to target\classes
[INFO] 
[INFO] --- compiler:3.11.0:compile (default-compile) @ registration-backend ---
[INFO] Nothing to compile - all classes are up to date
[INFO] 
[INFO] --- resources:3.3.1:testResources (default-testResources) @ registration-backend ---
[INFO] skip non existing resourceDirectory C:\Users\DELL\mon-projet-angular\registration-backend\src\test\resources
[INFO] 
[INFO] --- compiler:3.11.0:testCompile (default-testCompile) @ registration-backend ---
[INFO] No sources to compile
[INFO] 
[INFO] <<< spring-boot:3.2.1:run (default-cli) < test-compile @ registration-backend <<<
[INFO] 
[INFO] 
[INFO] --- spring-boot:3.2.1:run (default-cli) @ registration-backend ---
[INFO] Attaching agents: []

  .   ____          _            __ _ _
 /\\ / ___'_ __ _ _(_)_ __  __ _ \ \ \ \
( ( )\___ | '_ | '_| | '_ \/ _` | \ \ \ \
 \\/  ___)| |_)| | | | | || (_| |  ) ) ) )
  '  |____| .__|_| |_|_| |_\__, | / / / /
 =========|_|==============|___/=/_/_/_/
 :: Spring Boot ::                (v3.2.1)

2026-01-31T08:42:26.963+01:00  INFO 13672 --- [           main] c.e.r.RegistrationApplication            : Starting RegistrationApplication using Java 17.0.12 with PID 13672 (C:\Users\DELL\mon-projet-angular\registration-backend\target\classes started by DELL in C:\Users\DELL\mon-projet-angular\registration-backend)
2026-01-31T08:42:26.966+01:00  INFO 13672 --- [           main] c.e.r.RegistrationApplication            : No active profile set, falling back to 1 default profile: "default"
2026-01-31T08:42:27.451+01:00  INFO 13672 --- [           main] .s.d.r.c.RepositoryConfigurationDelegate : Bootstrapping Spring Data JPA repositories in DEFAULT mode.
2026-01-31T08:42:27.495+01:00  INFO 13672 --- [           main] .s.d.r.c.RepositoryConfigurationDelegate : Finished Spring Data repository scanning in 36 ms. Found 1 JPA repository interface.
2026-01-31T08:42:27.930+01:00  INFO 13672 --- [           main] o.s.b.w.embedded.tomcat.TomcatWebServer  : Tomcat initialized with port 8081 (http)
2026-01-31T08:42:27.937+01:00  INFO 13672 --- [           main] o.apache.catalina.core.StandardService   : Starting service [Tomcat]
2026-01-31T08:42:27.937+01:00  INFO 13672 --- [           main] o.apache.catalina.core.StandardEngine    : Starting Servlet engine: [Apache Tomcat/10.1.17]
2026-01-31T08:42:27.984+01:00  INFO 13672 --- [           main] o.a.c.c.C.[Tomcat].[localhost].[/]       : Initializing Spring embedded WebApplicationContext
2026-01-31T08:42:27.985+01:00  INFO 13672 --- [           main] w.s.c.ServletWebServerApplicationContext : Root WebApplicationContext: initialization completed in 983 ms
2026-01-31T08:42:28.156+01:00  INFO 13672 --- [           main] o.hibernate.jpa.internal.util.LogHelper  : HHH000204: Processing PersistenceUnitInfo [name: default]
2026-01-31T08:42:28.197+01:00  INFO 13672 --- [           main] org.hibernate.Version                    : HHH000412: Hibernate ORM core version 6.4.1.Final
2026-01-31T08:42:28.218+01:00  INFO 13672 --- [           main] o.h.c.internal.RegionFactoryInitiator    : HHH000026: Second-level cache disabled
2026-01-31T08:42:28.361+01:00  INFO 13672 --- [           main] o.s.o.j.p.SpringPersistenceUnitInfo      : No LoadTimeWeaver setup: ignoring JPA class transformer
2026-01-31T08:42:28.379+01:00  INFO 13672 --- [           main] com.zaxxer.hikari.HikariDataSource       : HikariPool-1 - Starting...
2026-01-31T08:42:28.518+01:00  INFO 13672 --- [           main] com.zaxxer.hikari.pool.HikariPool        : HikariPool-1 - Added connection org.postgresql.jdbc.PgConnection@3b218c74
2026-01-31T08:42:28.518+01:00  INFO 13672 --- [           main] com.zaxxer.hikari.HikariDataSource       : HikariPool-1 - Start completed.
2026-01-31T08:42:28.549+01:00  WARN 13672 --- [           main] org.hibernate.orm.deprecation            : HHH90000025: PostgreSQLDialect does not need to be specified explicitly using 'hibernate.dialect' (remove the property setting and it will be selected by default)
2026-01-31T08:42:29.170+01:00  INFO 13672 --- [           main] o.h.e.t.j.p.i.JtaPlatformInitiator       : HHH000489: No JTA platform available (set 'hibernate.transaction.jta.platform' to enable JTA platform integration)
2026-01-31T08:42:29.208+01:00  INFO 13672 --- [           main] j.LocalContainerEntityManagerFactoryBean : Initialized JPA EntityManagerFactory for persistence unit 'default'
2026-01-31T08:42:29.501+01:00  WARN 13672 --- [           main] JpaBaseConfiguration$JpaWebConfiguration : spring.jpa.open-in-view is enabled by default. Therefore, database queries may be performed during view rendering. Explicitly configure spring.jpa.open-in-view to disable this warning
2026-01-31T08:42:29.522+01:00  WARN 13672 --- [           main] .s.s.UserDetailsServiceAutoConfiguration : 

Using generated security password: 94e70f80-65e8-4000-9f43-86077574ffa5

This generated password is for development use only. Your security configuration must be updated before running your application in production.

2026-01-31T08:42:29.691+01:00  INFO 13672 --- [           main] o.s.s.web.DefaultSecurityFilterChain     : Will secure any request with [org.springframework.security.web.session.DisableEncodeUrlFilter@2dbf8cfc, org.springframework.security.web.context.request.async.WebAsyncManagerIntegrationFilter@26c1244c, org.springframework.security.web.context.SecurityContextHolderFilter@67aaf882, org.springframework.security.web.header.HeaderWriterFilter@6bec566e, org.springframework.web.filter.CorsFilter@e76134d, org.springframework.security.web.authentication.logout.LogoutFilter@4a7ac98b, org.springframework.security.web.savedrequest.RequestCacheAwareFilter@294bb6ae, org.springframework.security.web.servletapi.SecurityContextHolderAwareRequestFilter@4172c967, org.springframework.security.web.authentication.AnonymousAuthenticationFilter@2a317af7, org.springframework.security.web.access.ExceptionTranslationFilter@238a7e3d, org.springframework.security.web.access.intercept.AuthorizationFilter@127320df]
2026-01-31T08:42:29.846+01:00  INFO 13672 --- [           main] o.s.b.w.embedded.tomcat.TomcatWebServer  : Tomcat started on port 8081 (http) with context path ''
2026-01-31T08:42:29.857+01:00  INFO 13672 --- [           main] c.e.r.RegistrationApplication            : Started RegistrationApplication in 3.159 seconds (process running for 3.399)
2026-01-31T08:43:30.248+01:00  INFO 13672 --- [nio-8081-exec-6] o.a.c.c.C.[Tomcat].[localhost].[/]       : Initializing Spring DispatcherServlet 'dispatcherServlet'
2026-01-31T08:43:30.250+01:00  INFO 13672 --- [nio-8081-exec-6] o.s.web.servlet.DispatcherServlet        : Initializing Servlet 'dispatcherServlet'
2026-01-31T08:43:30.250+01:00  INFO 13672 --- [nio-8081-exec-6] o.s.web.servlet.DispatcherServlet        : Completed initialization in 0 ms
2026-01-31T08:43:30.280+01:00  WARN 13672 --- [nio-8081-exec-6] .w.s.m.s.DefaultHandlerExceptionResolver : Resolved [org.springframework.web.HttpRequestMethodNotSupportedException: Request method 'GET' is not supported]
^CTerminer le programme de commandes (O/N)ÿ? 2026-01-31T08:43:47.487+01:00  INFO 13672 --- [ionShutdownHook] j.LocalContainerEntityManagerFactoryBean : Closing JPA EntityManagerFactory for persistence unit 'default'
2026-01-31T08:43:47.487+01:00  INFO 13672 --- [ionShutdownHook] com.zaxxer.hikari.HikariDataSource       : HikariPool-1 - Shutdown initiated...
2026-01-31T08:43:47.494+01:00  INFO 13672 --- [ionShutdownHook] com.zaxxer.hikari.HikariDataSource       : HikariPool-1 - Shutdown completed.
[INFO] ------------------------------------------------------------------------
[INFO] BUILD SUCCESS
[INFO] ------------------------------------------------------------------------
[INFO] Total time:  01:22 min
[INFO] Finished at: 2026-01-31T08:43:47+01:00
[INFO] ------------------------------------------------------------------------
